<?xml version="1.0" encoding="UTF-8"?>
<!-- Generated by org.testng.reporters.JUnitReportReporter -->
<testsuite skipped="0" hostname="admin-PC" name="com.iNetBankingGuru.TestCases.TC001" tests="1" failures="0" timestamp="2020-04-13T23:24:20 IST" time="3.249" errors="0">
  <testcase name="logintest" time="3.249" classname="com.iNetBankingGuru.TestCases.TC001"/>
  <system-out/>
</testsuite> <!-- com.iNetBankingGuru.TestCases.TC001 -->
