<?xml version="1.0" encoding="UTF-8"?>
<!-- Generated by org.testng.reporters.JUnitReportReporter -->
<testsuite skipped="0" hostname="admin-PC" name="com.iNetBankingGuru.TestCases.TC_LoginPage_TC001" tests="1" failures="0" timestamp="2020-04-14T22:50:42 IST" time="4.072" errors="0">
  <testcase name="logintest" time="4.072" classname="com.iNetBankingGuru.TestCases.TC_LoginPage_TC001"/>
  <system-out/>
</testsuite> <!-- com.iNetBankingGuru.TestCases.TC_LoginPage_TC001 -->
