<?xml version="1.0" encoding="UTF-8"?>
<!-- Generated by org.testng.reporters.JUnitReportReporter -->
<testsuite skipped="0" hostname="admin-PC" name="com.iNetBankingGuru.TestCases.TC001" tests="1" failures="0" timestamp="2020-04-10T23:26:40 IST" time="7.346" errors="0">
  <testcase name="logintest" time="7.346" classname="com.iNetBankingGuru.TestCases.TC001"/>
  <system-out/>
</testsuite> <!-- com.iNetBankingGuru.TestCases.TC001 -->
